c:\users\usuario\desktop\facultad\cga\opengl-avanzado\cga-project\opengl-basico\x64\releaseeditor\vc143.pdb
c:\users\usuario\desktop\facultad\cga\opengl-avanzado\cga-project\opengl-basico\x64\releaseeditor\glad.obj
c:\users\usuario\desktop\facultad\cga\opengl-avanzado\cga-project\opengl-basico\x64\releaseeditor\transformcomponent.obj
c:\users\usuario\desktop\facultad\cga\opengl-avanzado\cga-project\opengl-basico\x64\releaseeditor\shadercommons.obj
c:\users\usuario\desktop\facultad\cga\opengl-avanzado\cga-project\opengl-basico\x64\releaseeditor\mundo.obj
c:\users\usuario\desktop\facultad\cga\opengl-avanzado\cga-project\opengl-basico\x64\releaseeditor\meshcomponent.obj
c:\users\usuario\desktop\facultad\cga\opengl-avanzado\cga-project\opengl-basico\x64\releaseeditor\mesh.obj
c:\users\usuario\desktop\facultad\cga\opengl-avanzado\cga-project\opengl-basico\x64\releaseeditor\main.obj
c:\users\usuario\desktop\facultad\cga\opengl-avanzado\cga-project\opengl-basico\x64\releaseeditor\hierarchy.obj
c:\users\usuario\desktop\facultad\cga\opengl-avanzado\cga-project\opengl-basico\x64\releaseeditor\guigenerator.obj
c:\users\usuario\desktop\facultad\cga\opengl-avanzado\cga-project\opengl-basico\x64\releaseeditor\entitycomponentcreator.obj
c:\users\usuario\desktop\facultad\cga\opengl-avanzado\cga-project\opengl-basico\x64\releaseeditor\entitycomponent.obj
c:\users\usuario\desktop\facultad\cga\opengl-avanzado\cga-project\opengl-basico\x64\releaseeditor\entity.obj
c:\users\usuario\desktop\facultad\cga\opengl-avanzado\cga-project\opengl-basico\x64\releaseeditor\collidercomponent.obj
c:\users\usuario\desktop\facultad\cga\opengl-avanzado\cga-project\opengl-basico\x64\releaseeditor\cameracomponent.obj
c:\users\usuario\desktop\facultad\cga\opengl-avanzado\cga-project\opengl-basico\x64\releaseeditor\imgui_widgets.obj
c:\users\usuario\desktop\facultad\cga\opengl-avanzado\cga-project\opengl-basico\x64\releaseeditor\imgui_tables.obj
c:\users\usuario\desktop\facultad\cga\opengl-avanzado\cga-project\opengl-basico\x64\releaseeditor\imgui_impl_sdl2.obj
c:\users\usuario\desktop\facultad\cga\opengl-avanzado\cga-project\opengl-basico\x64\releaseeditor\imgui_impl_opengl3.obj
c:\users\usuario\desktop\facultad\cga\opengl-avanzado\cga-project\opengl-basico\x64\releaseeditor\imgui_draw.obj
c:\users\usuario\desktop\facultad\cga\opengl-avanzado\cga-project\opengl-basico\x64\releaseeditor\imgui_demo.obj
c:\users\usuario\desktop\facultad\cga\opengl-avanzado\cga-project\opengl-basico\x64\releaseeditor\imgui.obj
c:\users\usuario\desktop\facultad\cga\opengl-avanzado\cga-project\x64\releaseeditor\opengl-avanzado.exe
c:\users\usuario\desktop\facultad\cga\opengl-avanzado\cga-project\opengl-basico\x64\releaseeditor\opengl-avanzado.ipdb
c:\users\usuario\desktop\facultad\cga\opengl-avanzado\cga-project\x64\releaseeditor\opengl-avanzado.pdb
c:\users\usuario\desktop\facultad\cga\opengl-avanzado\cga-project\opengl-basico\x64\releaseeditor\opengl-avanzado.iobj
c:\users\usuario\desktop\facultad\cga\opengl-avanzado\cga-project\opengl-basico\x64\releaseeditor\opengl-avanzado.tlog\cl.command.1.tlog
c:\users\usuario\desktop\facultad\cga\opengl-avanzado\cga-project\opengl-basico\x64\releaseeditor\opengl-avanzado.tlog\cl.items.tlog
c:\users\usuario\desktop\facultad\cga\opengl-avanzado\cga-project\opengl-basico\x64\releaseeditor\opengl-avanzado.tlog\cl.read.1.tlog
c:\users\usuario\desktop\facultad\cga\opengl-avanzado\cga-project\opengl-basico\x64\releaseeditor\opengl-avanzado.tlog\cl.write.1.tlog
c:\users\usuario\desktop\facultad\cga\opengl-avanzado\cga-project\opengl-basico\x64\releaseeditor\opengl-avanzado.tlog\link.command.1.tlog
c:\users\usuario\desktop\facultad\cga\opengl-avanzado\cga-project\opengl-basico\x64\releaseeditor\opengl-avanzado.tlog\link.read.1.tlog
c:\users\usuario\desktop\facultad\cga\opengl-avanzado\cga-project\opengl-basico\x64\releaseeditor\opengl-avanzado.tlog\link.write.1.tlog
