  main.cpp
C:\Users\Usuario\Desktop\Facultad\CGA\OpenGL-avanzado\CGA-Project\OpenGL-basico\main.cpp(258,39): warning C4305: 'argumento': truncamiento de 'double' a 'float'
C:\Users\Usuario\Desktop\Facultad\CGA\OpenGL-avanzado\CGA-Project\OpenGL-basico\main.cpp(258,34): warning C4305: 'argumento': truncamiento de 'double' a 'float'
C:\Users\Usuario\Desktop\Facultad\CGA\OpenGL-avanzado\CGA-Project\OpenGL-basico\main.cpp(331,30): warning C4305: 'argumento': truncamiento de 'double' a 'GLfloat'
C:\Users\Usuario\Desktop\Facultad\CGA\OpenGL-avanzado\CGA-Project\OpenGL-basico\main.cpp(331,23): warning C4305: 'argumento': truncamiento de 'double' a 'GLfloat'
C:\Users\Usuario\Desktop\Facultad\CGA\OpenGL-avanzado\CGA-Project\OpenGL-basico\main.cpp(331,16): warning C4305: 'argumento': truncamiento de 'double' a 'GLfloat'
C:\Users\Usuario\Desktop\Facultad\CGA\OpenGL-avanzado\CGA-Project\OpenGL-basico\main.cpp(343,108): warning C4244: 'argumento': conversión de 'double' a 'float'; posible pérdida de datos
C:\Users\Usuario\Desktop\Facultad\CGA\OpenGL-avanzado\CGA-Project\OpenGL-basico\main.cpp(343,67): warning C4244: 'argumento': conversión de 'double' a 'float'; posible pérdida de datos
C:\Users\Usuario\Desktop\Facultad\CGA\OpenGL-avanzado\CGA-Project\OpenGL-basico\main.cpp(357,94): warning C4267: 'argumento': conversión de 'size_t' a 'int'; posible pérdida de datos
C:\Users\Usuario\Desktop\Facultad\CGA\OpenGL-avanzado\CGA-Project\OpenGL-basico\main.cpp(364,66): warning C4244: 'argumento': conversión de 'double' a 'float'; posible pérdida de datos
C:\Users\Usuario\Desktop\Facultad\CGA\OpenGL-avanzado\CGA-Project\OpenGL-basico\main.cpp(365,107): warning C4244: 'argumento': conversión de 'double' a 'float'; posible pérdida de datos
C:\Users\Usuario\Desktop\Facultad\CGA\OpenGL-avanzado\CGA-Project\OpenGL-basico\main.cpp(365,67): warning C4244: 'argumento': conversión de 'double' a 'float'; posible pérdida de datos
C:\Users\Usuario\Desktop\Facultad\CGA\OpenGL-avanzado\CGA-Project\OpenGL-basico\main.cpp(377,70): warning C4244: 'argumento': conversión de 'double' a 'float'; posible pérdida de datos
C:\Users\Usuario\Desktop\Facultad\CGA\OpenGL-avanzado\CGA-Project\OpenGL-basico\main.cpp(378,108): warning C4244: 'argumento': conversión de 'double' a 'float'; posible pérdida de datos
C:\Users\Usuario\Desktop\Facultad\CGA\OpenGL-avanzado\CGA-Project\OpenGL-basico\main.cpp(378,67): warning C4244: 'argumento': conversión de 'double' a 'float'; posible pérdida de datos
C:\Users\Usuario\Desktop\Facultad\CGA\OpenGL-avanzado\CGA-Project\OpenGL-basico\main.cpp(429,66): warning C4244: 'argumento': conversión de 'double' a 'float'; posible pérdida de datos
C:\Users\Usuario\Desktop\Facultad\CGA\OpenGL-avanzado\CGA-Project\OpenGL-basico\main.cpp(430,67): warning C4244: 'argumento': conversión de 'double' a 'float'; posible pérdida de datos
  mesh.cpp
  mundo.cpp
C:\Users\Usuario\Desktop\Facultad\CGA\OpenGL-avanzado\CGA-Project\OpenGL-basico\mundo.cpp(64,47): warning C4267: 'argumento': conversión de 'size_t' a 'int'; posible pérdida de datos
  ShaderCommons.cpp
  Generando código
  269 of 2197 functions (12.2%) were compiled, the rest were copied from previous compilation.
    120 functions were new in current compilation
    70 functions had inline decision re-evaluated but remain unchanged
  Generación de código finalizada
CameraComponent.obj : warning LNK4099: no se encontró PDB '' con 'CameraComponent.obj' o en ''; se vinculará el objeto sin tener en cuenta información de depuración
ColliderComponent.obj : warning LNK4099: no se encontró PDB '' con 'ColliderComponent.obj' o en ''; se vinculará el objeto sin tener en cuenta información de depuración
Entity.obj : warning LNK4099: no se encontró PDB '' con 'Entity.obj' o en ''; se vinculará el objeto sin tener en cuenta información de depuración
EntityComponent.obj : warning LNK4099: no se encontró PDB '' con 'EntityComponent.obj' o en ''; se vinculará el objeto sin tener en cuenta información de depuración
GUIGenerator.obj : warning LNK4099: no se encontró PDB '' con 'GUIGenerator.obj' o en ''; se vinculará el objeto sin tener en cuenta información de depuración
Hierarchy.obj : warning LNK4099: no se encontró PDB '' con 'Hierarchy.obj' o en ''; se vinculará el objeto sin tener en cuenta información de depuración
MeshComponent.obj : warning LNK4099: no se encontró PDB '' con 'MeshComponent.obj' o en ''; se vinculará el objeto sin tener en cuenta información de depuración
TransformComponent.obj : warning LNK4099: no se encontró PDB '' con 'TransformComponent.obj' o en ''; se vinculará el objeto sin tener en cuenta información de depuración
Vector3.obj : warning LNK4099: no se encontró PDB '' con 'Vector3.obj' o en ''; se vinculará el objeto sin tener en cuenta información de depuración
glad.obj : warning LNK4020: un registro de tipo de '' está dañado; puede que algunos símbolos y tipos no sean accesibles desde el depurador
imgui_demo.obj : warning LNK4020: un registro de tipo de '' está dañado; puede que algunos símbolos y tipos no sean accesibles desde el depurador
imgui_impl_sdl2.obj : warning LNK4020: un registro de tipo de '' está dañado; puede que algunos símbolos y tipos no sean accesibles desde el depurador
imgui_tables.obj : warning LNK4020: un registro de tipo de '' está dañado; puede que algunos símbolos y tipos no sean accesibles desde el depurador
imgui_tables.obj : warning LNK4020: un registro de tipo de '' está dañado; puede que algunos símbolos y tipos no sean accesibles desde el depurador
imgui_tables.obj : warning LNK4020: un registro de tipo de '' está dañado; puede que algunos símbolos y tipos no sean accesibles desde el depurador
imgui_tables.obj : warning LNK4020: un registro de tipo de '' está dañado; puede que algunos símbolos y tipos no sean accesibles desde el depurador
mundo.obj : warning LNK4020: un registro de tipo de '' está dañado; puede que algunos símbolos y tipos no sean accesibles desde el depurador
Hierarchy.obj : warning LNK4020: un registro de tipo de '' está dañado; puede que algunos símbolos y tipos no sean accesibles desde el depurador
Hierarchy.obj : warning LNK4020: un registro de tipo de '' está dañado; puede que algunos símbolos y tipos no sean accesibles desde el depurador
Hierarchy.obj : warning LNK4020: un registro de tipo de '' está dañado; puede que algunos símbolos y tipos no sean accesibles desde el depurador
Hierarchy.obj : warning LNK4020: un registro de tipo de '' está dañado; puede que algunos símbolos y tipos no sean accesibles desde el depurador
  OpenGL-basico.vcxproj -> C:\Users\Usuario\Desktop\Facultad\CGA\OpenGL-avanzado\CGA-Project\x64\ReleaseEditor\OpenGL-avanzado.exe
