c:\users\usuario\desktop\facultad\cga\opengl-avanzado\cga-project\opengl-basico\x64\release\vc143.pdb
c:\users\usuario\desktop\facultad\cga\opengl-avanzado\cga-project\opengl-basico\x64\release\glad.obj
c:\users\usuario\desktop\facultad\cga\opengl-avanzado\cga-project\opengl-basico\x64\release\imgui_widgets.obj
c:\users\usuario\desktop\facultad\cga\opengl-avanzado\cga-project\opengl-basico\x64\release\imgui_tables.obj
c:\users\usuario\desktop\facultad\cga\opengl-avanzado\cga-project\opengl-basico\x64\release\imgui_impl_sdl2.obj
c:\users\usuario\desktop\facultad\cga\opengl-avanzado\cga-project\opengl-basico\x64\release\imgui_impl_opengl3.obj
c:\users\usuario\desktop\facultad\cga\opengl-avanzado\cga-project\opengl-basico\x64\release\imgui_draw.obj
c:\users\usuario\desktop\facultad\cga\opengl-avanzado\cga-project\opengl-basico\x64\release\imgui_demo.obj
c:\users\usuario\desktop\facultad\cga\opengl-avanzado\cga-project\opengl-basico\x64\release\imgui.obj
c:\users\usuario\desktop\facultad\cga\opengl-avanzado\cga-project\opengl-basico\x64\release\gamemain.obj
c:\users\usuario\desktop\facultad\cga\opengl-avanzado\cga-project\opengl-basico\x64\release\editormain.obj
c:\users\usuario\desktop\facultad\cga\opengl-avanzado\x64\release\opengl-avanzado.ipdb
c:\users\usuario\desktop\facultad\cga\opengl-avanzado\x64\release\opengl-avanzado.iobj
c:\users\usuario\desktop\facultad\cga\opengl-avanzado\cga-project\x64\release\opengl-avanzado.ipdb
c:\users\usuario\desktop\facultad\cga\opengl-avanzado\cga-project\x64\release\opengl-avanzado.iobj
c:\users\usuario\desktop\facultad\cga\opengl-avanzado\cga-project\x64\release\opengl-avanzado.exe
c:\users\usuario\desktop\facultad\cga\opengl-avanzado\cga-project\x64\release\opengl-avanzado.pdb
c:\users\usuario\desktop\facultad\cga\opengl-avanzado\cga-project\opengl-basico\x64\release\opengl-avanzado.iobj
c:\users\jose\downloads\opengl-avanzado\x64\release\opengl-avanzado.ipdb
c:\users\jose\downloads\opengl-avanzado\x64\release\opengl-avanzado.iobj
c:\users\usuario\desktop\facultad\cga\opengl-avanzado\cga-project\opengl-basico\x64\release\main.obj
c:\users\usuario\desktop\facultad\cga\opengl-avanzado\cga-project\opengl-basico\x64\release\opengl-avanzado.ipdb
c:\users\usuario\desktop\facultad\cga\opengl-avanzado\cga-project\opengl-basico\x64\release\vc142.pdb
c:\users\usuario\desktop\facultad\cga\opengl-avanzado\cga-project\opengl-basico\x64\release\opengl-avanzado.tlog\cl.command.1.tlog
c:\users\usuario\desktop\facultad\cga\opengl-avanzado\cga-project\opengl-basico\x64\release\opengl-avanzado.tlog\cl.items.tlog
c:\users\usuario\desktop\facultad\cga\opengl-avanzado\cga-project\opengl-basico\x64\release\opengl-avanzado.tlog\cl.read.1.tlog
c:\users\usuario\desktop\facultad\cga\opengl-avanzado\cga-project\opengl-basico\x64\release\opengl-avanzado.tlog\cl.write.1.tlog
c:\users\usuario\desktop\facultad\cga\opengl-avanzado\cga-project\opengl-basico\x64\release\opengl-avanzado.tlog\link.command.1.tlog
c:\users\usuario\desktop\facultad\cga\opengl-avanzado\cga-project\opengl-basico\x64\release\opengl-avanzado.tlog\link.read.1.tlog
c:\users\usuario\desktop\facultad\cga\opengl-avanzado\cga-project\opengl-basico\x64\release\opengl-avanzado.tlog\link.write.1.tlog
c:\users\usuario\desktop\facultad\cga\opengl-avanzado\cga-project\opengl-basico\x64\release\opengl-avanzado.tlog\link.write.2u.tlog
c:\users\usuario\desktop\facultad\cga\opengl-avanzado\cga-project\opengl-basico\x64\release\opengl-avanzado.tlog\opengl-avanzado.write.1u.tlog
